<?xml version="1.0" encoding="UTF-8"?>
<robot generator="Robot 7.0 (Python 3.10.3 on darwin)" generated="2024-11-06T23:56:41.199410" rpa="false" schemaversion="5">
<suite id="s1" name="Sc8 Register Pass" source="/Users/admin/Documents/2024/SE/SW Test/CUBankRobot/testcases/master/sc8_register_pass.robot">
<kw name="Initialize System" owner="opalCommonKeywords" type="SETUP">
<kw name="Open Browser" owner="SeleniumLibrary">
<msg time="2024-11-06T23:56:41.275273" level="INFO">Opening browser 'chrome' to base url 'http://localhost:3000'.</msg>
<arg>${WEB_URL}</arg>
<arg>${WEB_BROWSER}</arg>
<doc>Opens a new browser instance to the optional ``url``.</doc>
<status status="PASS" start="2024-11-06T23:56:41.275071" elapsed="1.031494"/>
</kw>
<kw name="Maximize Browser Window" owner="SeleniumLibrary">
<doc>Maximizes current browser window.</doc>
<status status="PASS" start="2024-11-06T23:56:42.307108" elapsed="0.360547"/>
</kw>
<status status="PASS" start="2024-11-06T23:56:41.274595" elapsed="1.393173"/>
</kw>
<test id="s1-t1" name="SC_8_1_Register_Success" line="8">
<kw name="Register Success" owner="opalCommonKeywords">
<kw name="Wait Until Element Contains" owner="SeleniumLibrary">
<arg>//*[@id="root"]/div/nav/div/a[2]</arg>
<arg>Register</arg>
<doc>Waits until the element ``locator`` contains ``text``.</doc>
<status status="PASS" start="2024-11-06T23:56:42.668423" elapsed="0.013798"/>
</kw>
<kw name="Click Element" owner="SeleniumLibrary">
<msg time="2024-11-06T23:56:42.682551" level="INFO">Clicking element '//*[@id="root"]/div/nav/div/a[2]'.</msg>
<arg>//*[@id="root"]/div/nav/div/a[2]</arg>
<doc>Click the element identified by ``locator``.</doc>
<status status="PASS" start="2024-11-06T23:56:42.682396" elapsed="0.027517"/>
</kw>
<kw name="Input Text" owner="SeleniumLibrary">
<msg time="2024-11-06T23:56:42.710588" level="INFO">Typing text '1111111111' into text field '//*[@id="accountId"]'.</msg>
<arg>//*[@id="accountId"]</arg>
<arg>${accountNumber}</arg>
<doc>Types the given ``text`` into the text field identified by ``locator``.</doc>
<status status="PASS" start="2024-11-06T23:56:42.710163" elapsed="0.093737"/>
</kw>
<kw name="Input Password" owner="SeleniumLibrary">
<msg time="2024-11-06T23:56:42.804303" level="INFO">Typing password into text field '//*[@id="password"]'.</msg>
<msg time="2024-11-06T23:56:42.825938" level="INFO">Temporally setting log level to: NONE</msg>
<arg>//*[@id="password"]</arg>
<arg>${password}</arg>
<doc>Types the given password into the text field identified by ``locator``.</doc>
<status status="PASS" start="2024-11-06T23:56:42.804116" elapsed="0.040889"/>
</kw>
<kw name="Input Text" owner="SeleniumLibrary">
<msg time="2024-11-06T23:56:42.845350" level="INFO">Typing text 'Kritsada' into text field '//*[@id="firstName"]'.</msg>
<arg>//*[@id="firstName"]</arg>
<arg>${firstName}</arg>
<doc>Types the given ``text`` into the text field identified by ``locator``.</doc>
<status status="PASS" start="2024-11-06T23:56:42.845173" elapsed="0.033946"/>
</kw>
<kw name="Input Text" owner="SeleniumLibrary">
<msg time="2024-11-06T23:56:42.879448" level="INFO">Typing text 'Hongsasurath' into text field '//*[@id="lastName"]'.</msg>
<arg>//*[@id="lastName"]</arg>
<arg>${lastName}</arg>
<doc>Types the given ``text`` into the text field identified by ``locator``.</doc>
<status status="PASS" start="2024-11-06T23:56:42.879270" elapsed="0.037047"/>
</kw>
<kw name="Click Element" owner="SeleniumLibrary">
<msg time="2024-11-06T23:56:42.916788" level="INFO">Clicking element '//*[@id="root"]/div/div/div/form/button'.</msg>
<arg>//*[@id="root"]/div/div/div/form/button</arg>
<doc>Click the element identified by ``locator``.</doc>
<status status="PASS" start="2024-11-06T23:56:42.916594" elapsed="0.024859"/>
</kw>
<status status="PASS" start="2024-11-06T23:56:42.668254" elapsed="0.273290"/>
</kw>
<kw name="Alert Should Be Present" owner="SeleniumLibrary">
<msg time="2024-11-06T23:56:42.941806" level="INFO">HANDLE::&lt;class 'NoneType'&gt;::None</msg>
<arg>Registration successful!</arg>
<doc>Verifies that an alert is present and by default, accepts it.</doc>
<status status="PASS" start="2024-11-06T23:56:42.941694" elapsed="0.514989"/>
</kw>
<kw name="Wait Until Element Contains" owner="SeleniumLibrary">
<arg>//*[@id="root"]/div/div/div/h2</arg>
<arg>Login</arg>
<arg>5s</arg>
<doc>Waits until the element ``locator`` contains ``text``.</doc>
<status status="PASS" start="2024-11-06T23:56:43.457533" elapsed="0.020035"/>
</kw>
<kw name="Element Text Should Be" owner="SeleniumLibrary">
<msg time="2024-11-06T23:56:43.478042" level="INFO">Verifying element '//*[@id="root"]/div/div/div/h2' contains exact text 'Login'.</msg>
<arg>//*[@id="root"]/div/div/div/h2</arg>
<arg>Login</arg>
<doc>Verifies that element ``locator`` contains exact the text ``expected``.</doc>
<status status="PASS" start="2024-11-06T23:56:43.477829" elapsed="0.011814"/>
</kw>
<status status="PASS" start="2024-11-06T23:56:42.667885" elapsed="0.822006"/>
</test>
<status status="PASS" start="2024-11-06T23:56:41.200072" elapsed="2.290257"/>
</suite>
<statistics>
<total>
<stat pass="1" fail="0" skip="0">All Tests</stat>
</total>
<tag>
</tag>
<suite>
<stat pass="1" fail="0" skip="0" id="s1" name="Sc8 Register Pass">Sc8 Register Pass</stat>
</suite>
</statistics>
<errors>
</errors>
</robot>
