<?xml version="1.0" encoding="UTF-8"?>
<robot generator="Robot 7.0 (Python 3.10.3 on darwin)" generated="2024-11-06T23:07:51.804755" rpa="false" schemaversion="5">
<suite id="s1" name="Sc3 Deposit Fail" source="/Users/admin/Documents/2024/SE/SW Test/CUBankRobot/testcases/master/sc3_deposit_fail.robot">
<kw name="Initialize System" owner="opalCommonKeywords" type="SETUP">
<kw name="Open Browser" owner="SeleniumLibrary">
<msg time="2024-11-06T23:07:51.885580" level="INFO">Opening browser 'chrome' to base url 'http://localhost:3000'.</msg>
<arg>${WEB_URL}</arg>
<arg>${WEB_BROWSER}</arg>
<doc>Opens a new browser instance to the optional ``url``.</doc>
<status status="PASS" start="2024-11-06T23:07:51.885406" elapsed="0.841396"/>
</kw>
<kw name="Maximize Browser Window" owner="SeleniumLibrary">
<doc>Maximizes current browser window.</doc>
<status status="PASS" start="2024-11-06T23:07:52.728629" elapsed="0.873450"/>
</kw>
<status status="PASS" start="2024-11-06T23:07:51.885004" elapsed="1.717199"/>
</kw>
<test id="s1-t1" name="SC_3_2_Amount_Deposit_Less_Than_Or_Equal_0" line="14">
<kw name="Login Success" owner="opalCommonKeywords">
<kw name="Wait Until Element Contains" owner="SeleniumLibrary">
<arg>//*[@id="root"]/div/div/div/h2</arg>
<arg>Login</arg>
<doc>Waits until the element ``locator`` contains ``text``.</doc>
<status status="PASS" start="2024-11-06T23:07:53.602985" elapsed="0.014672"/>
</kw>
<kw name="Input Text" owner="SeleniumLibrary">
<msg time="2024-11-06T23:07:53.617995" level="INFO">Typing text '1111111111' into text field '//*[@id="accountId"]'.</msg>
<arg>//*[@id="accountId"]</arg>
<arg>${accountNumber}</arg>
<doc>Types the given ``text`` into the text field identified by ``locator``.</doc>
<status status="PASS" start="2024-11-06T23:07:53.617815" elapsed="0.104081"/>
</kw>
<kw name="Input Password" owner="SeleniumLibrary">
<msg time="2024-11-06T23:07:53.722205" level="INFO">Typing password into text field '//*[@id="password"]'.</msg>
<msg time="2024-11-06T23:07:53.738967" level="INFO">Temporally setting log level to: NONE</msg>
<arg>//*[@id="password"]</arg>
<arg>${password}</arg>
<doc>Types the given password into the text field identified by ``locator``.</doc>
<status status="PASS" start="2024-11-06T23:07:53.722036" elapsed="0.035739"/>
</kw>
<kw name="Click Element" owner="SeleniumLibrary">
<msg time="2024-11-06T23:07:53.758063" level="INFO">Clicking element '//*[@id="root"]/div/div/div/form/button'.</msg>
<arg>//*[@id="root"]/div/div/div/form/button</arg>
<doc>Click the element identified by ``locator``.</doc>
<status status="PASS" start="2024-11-06T23:07:53.757923" elapsed="0.035363"/>
</kw>
<kw name="Wait Until Element Contains" owner="SeleniumLibrary">
<arg>//*[@id="root"]/div/div/div/div[2]/article/h2[1]</arg>
<arg>Account ID:</arg>
<arg>5s</arg>
<doc>Waits until the element ``locator`` contains ``text``.</doc>
<status status="PASS" start="2024-11-06T23:07:53.793513" elapsed="0.218102"/>
</kw>
<status status="PASS" start="2024-11-06T23:07:53.602793" elapsed="0.408911"/>
</kw>
<kw name="Element Should Not Contain" owner="SeleniumLibrary">
<msg time="2024-11-06T23:07:54.020432" level="INFO">Element '//*[@id="root"]/div/nav/div/a[1]' does not contain text 'LOGIN'.</msg>
<arg>//*[@id="root"]/div/nav/div/a[1]</arg>
<arg>LOGIN</arg>
<doc>Verifies that element ``locator`` does not contain text ``expected``.</doc>
<status status="PASS" start="2024-11-06T23:07:54.011840" elapsed="0.008648"/>
</kw>
<kw name="Element Should Not Contain" owner="SeleniumLibrary">
<msg time="2024-11-06T23:07:54.028576" level="INFO">Element '//*[@id="root"]/div/nav/div/a[2]' does not contain text 'Register'.</msg>
<arg>//*[@id="root"]/div/nav/div/a[2]</arg>
<arg>Register</arg>
<doc>Verifies that element ``locator`` does not contain text ``expected``.</doc>
<status status="PASS" start="2024-11-06T23:07:54.020629" elapsed="0.007998"/>
</kw>
<kw name="Element Should Contain" owner="SeleniumLibrary">
<msg time="2024-11-06T23:07:54.034974" level="INFO">Element '//*[@id="root"]/div/nav/div/a[2]' contains text 'LOG OUT'.</msg>
<arg>//*[@id="root"]/div/nav/div/a[2]</arg>
<arg>LOG OUT</arg>
<doc>Verifies that element ``locator`` contains text ``expected``.</doc>
<status status="PASS" start="2024-11-06T23:07:54.028755" elapsed="0.006265"/>
</kw>
<kw name="Input Text" owner="SeleniumLibrary">
<msg time="2024-11-06T23:07:54.035249" level="INFO">Typing text '0' into text field '//*[@id="amount"]'.</msg>
<arg>//*[@id="amount"]</arg>
<arg>0</arg>
<doc>Types the given ``text`` into the text field identified by ``locator``.</doc>
<status status="PASS" start="2024-11-06T23:07:54.035143" elapsed="0.036131"/>
</kw>
<kw name="Click Element" owner="SeleniumLibrary">
<msg time="2024-11-06T23:07:54.071773" level="INFO">Clicking element '//*[@id="root"]/div/div/div/div[3]/div[2]/form/button'.</msg>
<arg>//*[@id="root"]/div/div/div/div[3]/div[2]/form/button</arg>
<doc>Click the element identified by ``locator``.</doc>
<status status="PASS" start="2024-11-06T23:07:54.071615" elapsed="0.025735"/>
</kw>
<kw name="Element Text Should Be" owner="SeleniumLibrary">
<msg time="2024-11-06T23:07:54.097800" level="INFO">Verifying element '//*[@id="root"]/div/div/div/div[3]/div[2]/form/div/label' contains exact text 'The amount must be greater than 0. Please enter a positive number.'.</msg>
<arg>//*[@id="root"]/div/div/div/div[3]/div[2]/form/div/label</arg>
<arg>The amount must be greater than 0. Please enter a positive number.</arg>
<doc>Verifies that element ``locator`` contains exact the text ``expected``.</doc>
<status status="PASS" start="2024-11-06T23:07:54.097605" elapsed="0.011618"/>
</kw>
<status status="PASS" start="2024-11-06T23:07:53.602344" elapsed="0.507051"/>
</test>
<test id="s1-t2" name="Close Browser" line="23">
<kw name="Sleep" owner="BuiltIn">
<msg time="2024-11-06T23:07:56.110477" level="INFO">Slept 2 seconds.</msg>
<arg>2</arg>
<doc>Pauses the test executed for the given time.</doc>
<status status="PASS" start="2024-11-06T23:07:54.109741" elapsed="2.000818"/>
</kw>
<kw name="Close Browser" owner="SeleniumLibrary">
<doc>Closes the current browser.</doc>
<status status="PASS" start="2024-11-06T23:07:56.110730" elapsed="0.080194"/>
</kw>
<status status="PASS" start="2024-11-06T23:07:54.109549" elapsed="2.081545"/>
</test>
<status status="PASS" start="2024-11-06T23:07:51.805522" elapsed="4.385823"/>
</suite>
<statistics>
<total>
<stat pass="2" fail="0" skip="0">All Tests</stat>
</total>
<tag>
</tag>
<suite>
<stat pass="2" fail="0" skip="0" id="s1" name="Sc3 Deposit Fail">Sc3 Deposit Fail</stat>
</suite>
</statistics>
<errors>
</errors>
</robot>
